{
  "RSpec": {
    "coverage": {
      "/Users/admin/Projects/makers/week_1/boris_bikes/spec/bike_spec.rb": {
        "lines": [
          1,
          null,
          1,
          1,
          1,
          1,
          null,
          null,
          1,
          1,
          1,
          1,
          null,
          null,
          1,
          1,
          1,
          1,
          1,
          null,
          null,
          null
        ]
      },
      "/Users/admin/Projects/makers/week_1/boris_bikes/lib/bike.rb": {
        "lines": [
          1,
          1,
          1,
          3,
          null,
          null,
          1,
          3,
          null,
          null,
          1,
          2,
          null,
          null,
          1,
          1,
          null,
          null,
          null
        ]
      },
      "/Users/admin/Projects/makers/week_1/boris_bikes/spec/dockingStation_spec.rb": {
        "lines": [
          1,
          null,
          1,
          null,
          12,
          12,
          null,
          1,
          1,
          1,
          4,
          null,
          1,
          1,
          2,
          null,
          1,
          1,
          1,
          null,
          null,
          null,
          1,
          1,
          1,
          4,
          1,
          null,
          null,
          1,
          1,
          4,
          1,
          null,
          null,
          null,
          null,
          1,
          1,
          1,
          1,
          null,
          1,
          1,
          null,
          null,
          null,
          1,
          1,
          1,
          21,
          1,
          2,
          null,
          null,
          null,
          1,
          1,
          1,
          1,
          null,
          null,
          null,
          1,
          1,
          1,
          1,
          null,
          null,
          null,
          1,
          1,
          4,
          null,
          null,
          null
        ]
      },
      "/Users/admin/Projects/makers/week_1/boris_bikes/lib/dockingStation.rb": {
        "lines": [
          1,
          1,
          1,
          null,
          1,
          1,
          null,
          1,
          null,
          1,
          11,
          11,
          null,
          null,
          1,
          3,
          2,
          null,
          null,
          1,
          26,
          25,
          null,
          null,
          1,
          5,
          null,
          null,
          1,
          28,
          null,
          null,
          1,
          1,
          null,
          null,
          1,
          1,
          null,
          null,
          1,
          1,
          null,
          null,
          1,
          1,
          31,
          null,
          null,
          1,
          1,
          null,
          null,
          1,
          1,
          null,
          null,
          1,
          28,
          null,
          null,
          1,
          3,
          3,
          null,
          null,
          1,
          0,
          null,
          null
        ]
      },
      "/Users/admin/Projects/makers/week_1/boris_bikes/lib/van.rb": {
        "lines": [
          1,
          1,
          null,
          1,
          8,
          null,
          null,
          1,
          6,
          2,
          null,
          null,
          1,
          6,
          2,
          null,
          null,
          1,
          4,
          2,
          null,
          null,
          1,
          2,
          3,
          1,
          1,
          null,
          null,
          null,
          null,
          1,
          1,
          3,
          null,
          null,
          1,
          3,
          null,
          null
        ]
      },
      "/Users/admin/Projects/makers/week_1/boris_bikes/lib/garage.rb": {
        "lines": [
          1,
          1,
          1,
          4,
          4,
          null,
          null,
          1,
          6,
          null,
          1,
          4,
          null,
          null,
          1,
          4,
          2,
          null,
          null,
          1,
          null,
          1,
          0,
          null,
          null,
          1,
          0,
          null,
          null
        ]
      },
      "/Users/admin/Projects/makers/week_1/boris_bikes/spec/garage_spec.rb": {
        "lines": [
          1,
          null,
          1,
          5,
          5,
          null,
          1,
          1,
          1,
          null,
          null,
          null,
          1,
          1,
          1,
          null,
          null,
          null,
          1,
          1,
          2,
          null,
          null,
          1,
          1,
          1,
          null,
          1,
          1,
          1,
          1,
          null,
          null,
          null,
          null
        ]
      },
      "/Users/admin/Projects/makers/week_1/boris_bikes/spec/van_spec.rb": {
        "lines": [
          1,
          null,
          1,
          9,
          9,
          9,
          9,
          9,
          9,
          9,
          null,
          1,
          1,
          4,
          null,
          1,
          1,
          1,
          null,
          null,
          null,
          1,
          1,
          2,
          null,
          null,
          1,
          4,
          null,
          1,
          1,
          1,
          1,
          null,
          null,
          null,
          1,
          1,
          2,
          null,
          null,
          1,
          1,
          4,
          null,
          1,
          1,
          1,
          null,
          null,
          null,
          1,
          1,
          2,
          null,
          null,
          1,
          4,
          null,
          1,
          4,
          null,
          null,
          null
        ]
      }
    },
    "timestamp": 1619436630
  }
}
